<?xml version="1.0" encoding="UTF-8"?>
<!-- Generated by org.testng.reporters.JUnitReportReporter -->
<testsuite hostname="Hunter-Fury" failures="0" tests="1" name="seleniumexample.SeleniumExample" time="15.395" errors="0" timestamp="2021-09-27T14:12:23 IST" skipped="0">
  <testcase classname="seleniumexample.SeleniumExample" name="goToTheGivenUrl" time="15.395"/>
  <system-out/>
</testsuite> <!-- seleniumexample.SeleniumExample -->
