<?xml version="1.0" encoding="UTF-8"?>
<!-- Generated by org.testng.reporters.JUnitReportReporter -->
<testsuite hostname="Hunter-Fury" failures="0" tests="2" name="seleniumexample.TestHelloWorld" time="4.250" errors="0" timestamp="2021-09-28T17:56:29 IST" skipped="0">
  <testcase classname="seleniumexample.TestHelloWorld" name="testHelloWorld2" time="4.243"/>
  <system-out/>
  <testcase classname="seleniumexample.TestHelloWorld" name="testHelloWorld" time="0.007"/>
  <system-out/>
</testsuite> <!-- seleniumexample.TestHelloWorld -->
